<?xml version="1.0" encoding="UTF-8"?>
<testsuite xmlns:xsi="http://www.w3.org/2001/XMLSchema-instance" xsi:noNamespaceSchemaLocation="https://maven.apache.org/surefire/maven-surefire-plugin/xsd/surefire-test-report-3.0.xsd" version="3.0" name="com.r1.eligRules.RuleTest" time="5.86" tests="1" errors="0" skipped="0" failures="0">
  <properties>
[...]
</properties>
  <testcase name="test" classname="com.r1.eligRules.RuleTest" time="5.442">
    <system-out><![CDATA[2020-12-25 18:26:29,549 INFO  [org.drools.compiler.kie.builder.impl.ClasspathKieProject] (main) Found kmodule: file:/home/osboxes/eclipse-workspace/eligRules/target/classes/META-INF/kmodule.xml
2020-12-25 18:26:30,560 WARN  [org.drools.compiler.kie.builder.impl.ClasspathKieProject] (main) Unable to find pom.properties in /home/osboxes/eclipse-workspace/eligRules/target/classes
2020-12-25 18:26:30,576 INFO  [org.drools.compiler.kie.builder.impl.ClasspathKieProject] (main) Recursed up folders, found and used pom.xml /home/osboxes/eclipse-workspace/eligRules/pom.xml
2020-12-25 18:26:30,619 WARN  [org.drools.compiler.kie.builder.impl.KieBuilderImpl] (main) File 'org/example/rules.drl' is in folder 'org/example' but declares package 'com.r1.eligRules'. It is advised to have a correspondance between package and folder names.
2020-12-25 18:26:33,297 INFO  [com.r1.eligRules.RuleTest] (main) Creating kieBase
2020-12-25 18:26:33,436 INFO  [com.r1.eligRules.RuleTest] (main) There should be rules: 
2020-12-25 18:26:33,436 INFO  [com.r1.eligRules.RuleTest] (main) kp [Package name=com.r1.eligRules] rule will execute per each Measurement having ID color
2020-12-25 18:26:33,437 INFO  [com.r1.eligRules.RuleTest] (main) Creating kieSession
2020-12-25 18:26:33,606 INFO  [com.r1.eligRules.RuleTest] (main) Populating globals
2020-12-25 18:26:33,606 INFO  [com.r1.eligRules.RuleTest] (main) Now running data
2020-12-25 18:26:33,761 INFO  [com.r1.eligRules.RuleTest] (main) Final checks
]]></system-out>
  </testcase>
</testsuite>